2019-06-22 07:57:35,905 [Worker-4] INFO  c.g.t.t.d.PublishedGradleVersions - Gradle version information cache is up-to-date. Trying to read.
2019-06-22 08:00:07,664 [ModalContext] INFO  o.e.m.c.i.e.AbstractTransferListenerAdapter - Downloaded https://na.artifactory.swg-devops.com:443/artifactory/ip-fci-sifs-maven-virtual/org/apache/maven/archetypes/maven-archetype-webapp/1.0/maven-archetype-webapp-1.0.jar
2019-06-22 08:00:37,869 [Worker-8] INFO  o.e.m.c.i.e.AbstractTransferListenerAdapter - Downloaded https://na.artifactory.swg-devops.com:443/artifactory/ip-fci-sifs-maven-virtual/org/apache/maven/archetypes/maven-archetype-webapp/1.0/maven-archetype-webapp-1.0.pom
2019-06-22 08:24:05,265 [Worker-25] INFO  o.e.m.c.i.e.AbstractTransferListenerAdapter - Downloaded https://na.artifactory.swg-devops.com:443/artifactory/ip-fci-sifs-maven-virtual/org/glassfish/jersey/jersey-bom/2.16/jersey-bom-2.16.pom
2019-06-22 08:24:07,445 [Worker-25] WARN  o.e.m.c.i.embedder.EclipseLogger - The POM for org.apache.maven.plugins:maven-compiler-plugin:jar:2.5.1 is missing, no dependency information available
2019-06-22 08:24:07,482 [Worker-25] WARN  o.e.m.c.i.embedder.EclipseLogger - The POM for org.apache.maven.plugins:maven-compiler-plugin:jar:2.5.1 is missing, no dependency information available
2019-06-22 08:24:07,575 [Worker-25] INFO  o.e.m.c.i.l.LifecycleMappingFactory - Using org.maven.ide.eclipse.wtp.WarLifecycleMapping lifecycle mapping for MavenProject: org.koushik.javabrains:messenger:0.0.1-SNAPSHOT @ /home/somak/Downloads/messenger-43f5a224b7de3099fbd96deee7c0ddb3706059f2/pom.xml.
2019-06-22 08:24:07,935 [Worker-25] WARN  o.e.m.c.i.embedder.EclipseLogger - The POM for org.apache.maven.plugins:maven-compiler-plugin:jar:2.5.1 is missing, no dependency information available
2019-06-22 08:24:07,948 [Worker-25] WARN  o.e.m.c.i.embedder.EclipseLogger - Failed to retrieve plugin descriptor for org.apache.maven.plugins:maven-compiler-plugin:2.5.1: Plugin org.apache.maven.plugins:maven-compiler-plugin:2.5.1 or one of its dependencies could not be resolved: Failure to find org.apache.maven.plugins:maven-compiler-plugin:jar:2.5.1 in https://na.artifactory.swg-devops.com:443/artifactory/ip-fci-sifs-maven-virtual was cached in the local repository, resolution will not be reattempted until the update interval of central has elapsed or updates are forced
2019-06-22 08:24:08,283 [Worker-25] WARN  o.e.m.c.i.embedder.EclipseLogger - The POM for org.apache.maven.plugins:maven-war-plugin:jar:2.2 is missing, no dependency information available
2019-06-22 08:24:08,293 [Worker-25] WARN  o.e.m.c.i.embedder.EclipseLogger - Failed to retrieve plugin descriptor for org.apache.maven.plugins:maven-war-plugin:2.2: Plugin org.apache.maven.plugins:maven-war-plugin:2.2 or one of its dependencies could not be resolved: Failure to find org.apache.maven.plugins:maven-war-plugin:jar:2.2 in https://na.artifactory.swg-devops.com:443/artifactory/ip-fci-sifs-maven-virtual was cached in the local repository, resolution will not be reattempted until the update interval of central has elapsed or updates are forced
2019-06-22 08:24:09,546 [Worker-25] WARN  o.e.m.c.i.embedder.EclipseLogger - The POM for org.apache.maven.plugins:maven-release-plugin:jar:2.3.2 is missing, no dependency information available
2019-06-22 08:24:09,565 [Worker-25] WARN  o.e.m.c.i.embedder.EclipseLogger - Failed to retrieve plugin descriptor for org.apache.maven.plugins:maven-release-plugin:2.3.2: Plugin org.apache.maven.plugins:maven-release-plugin:2.3.2 or one of its dependencies could not be resolved: Failure to find org.apache.maven.plugins:maven-release-plugin:jar:2.3.2 in https://na.artifactory.swg-devops.com:443/artifactory/ip-fci-sifs-maven-virtual was cached in the local repository, resolution will not be reattempted until the update interval of central has elapsed or updates are forced
2019-06-22 08:24:12,938 [DefaultMetadataResolver-0-0] INFO  o.e.m.c.i.e.AbstractTransferListenerAdapter - Downloaded https://na.artifactory.swg-devops.com:443/artifactory/ip-fci-sifs-maven-virtual/org/sonarsource/scanner/maven/maven-metadata.xml
2019-06-22 08:24:12,938 [DefaultMetadataResolver-0-1] INFO  o.e.m.c.i.e.AbstractTransferListenerAdapter - Downloaded https://na.artifactory.swg-devops.com:443/artifactory/ip-fci-sifs-maven-virtual/org/sonarsource/scanner/maven/maven-metadata.xml
2019-06-22 08:24:12,982 [Worker-25] WARN  o.e.m.c.i.embedder.EclipseLogger - The POM for org.apache.maven.plugins:maven-compiler-plugin:jar:2.5.1 is missing, no dependency information available
2019-06-22 08:24:13,791 [Worker-25] WARN  o.e.m.c.i.embedder.EclipseLogger - The POM for org.apache.maven.plugins:maven-war-plugin:jar:2.2 is missing, no dependency information available
2019-06-22 08:24:14,189 [Worker-22] WARN  o.e.m.c.i.embedder.EclipseLogger - The POM for org.apache.maven.plugins:maven-war-plugin:jar:2.2 is missing, no dependency information available
2019-06-22 08:24:43,161 [Worker-24] INFO  o.e.m.c.i.p.ProjectConfigurationManager - Update started
2019-06-22 08:24:43,557 [Worker-24] WARN  o.e.m.c.i.embedder.EclipseLogger - The POM for org.apache.maven.plugins:maven-compiler-plugin:jar:2.5.1 is missing, no dependency information available
2019-06-22 08:24:43,565 [Worker-24] WARN  o.e.m.c.i.embedder.EclipseLogger - The POM for org.apache.maven.plugins:maven-compiler-plugin:jar:2.5.1 is missing, no dependency information available
2019-06-22 08:24:43,575 [Worker-24] INFO  o.e.m.c.i.l.LifecycleMappingFactory - Using org.maven.ide.eclipse.wtp.WarLifecycleMapping lifecycle mapping for MavenProject: org.koushik.javabrains:messenger:0.0.1-SNAPSHOT @ /home/somak/Downloads/messenger-43f5a224b7de3099fbd96deee7c0ddb3706059f2/pom.xml.
2019-06-22 08:24:43,709 [Worker-24] WARN  o.e.m.c.i.embedder.EclipseLogger - The POM for org.apache.maven.plugins:maven-compiler-plugin:jar:2.5.1 is missing, no dependency information available
2019-06-22 08:24:43,713 [Worker-24] WARN  o.e.m.c.i.embedder.EclipseLogger - Failed to retrieve plugin descriptor for org.apache.maven.plugins:maven-compiler-plugin:2.5.1: Plugin org.apache.maven.plugins:maven-compiler-plugin:2.5.1 or one of its dependencies could not be resolved: Failure to find org.apache.maven.plugins:maven-compiler-plugin:jar:2.5.1 in https://na.artifactory.swg-devops.com:443/artifactory/ip-fci-sifs-maven-virtual was cached in the local repository, resolution will not be reattempted until the update interval of central has elapsed or updates are forced
2019-06-22 08:24:43,719 [Worker-24] WARN  o.e.m.c.i.embedder.EclipseLogger - The POM for org.apache.maven.plugins:maven-war-plugin:jar:2.2 is missing, no dependency information available
2019-06-22 08:24:43,724 [Worker-24] WARN  o.e.m.c.i.embedder.EclipseLogger - Failed to retrieve plugin descriptor for org.apache.maven.plugins:maven-war-plugin:2.2: Plugin org.apache.maven.plugins:maven-war-plugin:2.2 or one of its dependencies could not be resolved: Failure to find org.apache.maven.plugins:maven-war-plugin:jar:2.2 in https://na.artifactory.swg-devops.com:443/artifactory/ip-fci-sifs-maven-virtual was cached in the local repository, resolution will not be reattempted until the update interval of central has elapsed or updates are forced
2019-06-22 08:24:43,729 [Worker-24] WARN  o.e.m.c.i.embedder.EclipseLogger - The POM for org.apache.maven.plugins:maven-release-plugin:jar:2.3.2 is missing, no dependency information available
2019-06-22 08:24:43,735 [Worker-24] WARN  o.e.m.c.i.embedder.EclipseLogger - Failed to retrieve plugin descriptor for org.apache.maven.plugins:maven-release-plugin:2.3.2: Plugin org.apache.maven.plugins:maven-release-plugin:2.3.2 or one of its dependencies could not be resolved: Failure to find org.apache.maven.plugins:maven-release-plugin:jar:2.3.2 in https://na.artifactory.swg-devops.com:443/artifactory/ip-fci-sifs-maven-virtual was cached in the local repository, resolution will not be reattempted until the update interval of central has elapsed or updates are forced
2019-06-22 08:24:45,338 [DefaultMetadataResolver-1-0] INFO  o.e.m.c.i.e.AbstractTransferListenerAdapter - Downloaded https://na.artifactory.swg-devops.com:443/artifactory/ip-fci-sifs-maven-virtual/org/sonarsource/scanner/maven/maven-metadata.xml
2019-06-22 08:24:46,013 [DefaultMetadataResolver-1-1] INFO  o.e.m.c.i.e.AbstractTransferListenerAdapter - Downloaded https://na.artifactory.swg-devops.com:443/artifactory/ip-fci-sifs-maven-virtual/org/sonarsource/scanner/maven/maven-metadata.xml
2019-06-22 08:24:46,024 [Worker-24] WARN  o.e.m.c.i.embedder.EclipseLogger - The POM for org.apache.maven.plugins:maven-compiler-plugin:jar:2.5.1 is missing, no dependency information available
2019-06-22 08:24:46,123 [Worker-24] WARN  o.e.m.c.i.embedder.EclipseLogger - The POM for org.apache.maven.plugins:maven-war-plugin:jar:2.2 is missing, no dependency information available
2019-06-22 08:24:46,128 [Worker-24] INFO  o.e.m.c.i.p.ProjectConfigurationManager - Update completed: 2 sec
2019-06-22 08:24:46,612 [Worker-25] WARN  o.e.m.c.i.embedder.EclipseLogger - The POM for org.apache.maven.plugins:maven-war-plugin:jar:2.2 is missing, no dependency information available
2019-06-22 08:38:41,705 [Worker-23] WARN  o.e.m.c.i.embedder.EclipseLogger - The POM for org.apache.maven.plugins:maven-compiler-plugin:jar:2.5.1 is missing, no dependency information available
2019-06-22 08:38:41,729 [Worker-23] WARN  o.e.m.c.i.embedder.EclipseLogger - The POM for org.apache.maven.plugins:maven-compiler-plugin:jar:2.5.1 is missing, no dependency information available
2019-06-22 08:38:41,782 [Worker-23] INFO  o.e.m.c.i.l.LifecycleMappingFactory - Using org.maven.ide.eclipse.wtp.WarLifecycleMapping lifecycle mapping for MavenProject: org.koushik.javabrains:messenger:0.0.1-SNAPSHOT @ /home/somak/Downloads/messenger-43f5a224b7de3099fbd96deee7c0ddb3706059f2/pom.xml.
2019-06-22 08:38:42,016 [Worker-23] WARN  o.e.m.c.i.embedder.EclipseLogger - The POM for org.apache.maven.plugins:maven-compiler-plugin:jar:2.5.1 is missing, no dependency information available
2019-06-22 08:38:42,028 [Worker-23] WARN  o.e.m.c.i.embedder.EclipseLogger - Failed to retrieve plugin descriptor for org.apache.maven.plugins:maven-compiler-plugin:2.5.1: Plugin org.apache.maven.plugins:maven-compiler-plugin:2.5.1 or one of its dependencies could not be resolved: Failure to find org.apache.maven.plugins:maven-compiler-plugin:jar:2.5.1 in https://na.artifactory.swg-devops.com:443/artifactory/ip-fci-sifs-maven-virtual was cached in the local repository, resolution will not be reattempted until the update interval of central has elapsed or updates are forced
2019-06-22 08:38:42,049 [Worker-23] WARN  o.e.m.c.i.embedder.EclipseLogger - The POM for org.apache.maven.plugins:maven-war-plugin:jar:2.2 is missing, no dependency information available
2019-06-22 08:38:42,064 [Worker-23] WARN  o.e.m.c.i.embedder.EclipseLogger - Failed to retrieve plugin descriptor for org.apache.maven.plugins:maven-war-plugin:2.2: Plugin org.apache.maven.plugins:maven-war-plugin:2.2 or one of its dependencies could not be resolved: Failure to find org.apache.maven.plugins:maven-war-plugin:jar:2.2 in https://na.artifactory.swg-devops.com:443/artifactory/ip-fci-sifs-maven-virtual was cached in the local repository, resolution will not be reattempted until the update interval of central has elapsed or updates are forced
2019-06-22 08:38:42,092 [Worker-23] WARN  o.e.m.c.i.embedder.EclipseLogger - The POM for org.apache.maven.plugins:maven-release-plugin:jar:2.3.2 is missing, no dependency information available
2019-06-22 08:38:42,112 [Worker-23] WARN  o.e.m.c.i.embedder.EclipseLogger - Failed to retrieve plugin descriptor for org.apache.maven.plugins:maven-release-plugin:2.3.2: Plugin org.apache.maven.plugins:maven-release-plugin:2.3.2 or one of its dependencies could not be resolved: Failure to find org.apache.maven.plugins:maven-release-plugin:jar:2.3.2 in https://na.artifactory.swg-devops.com:443/artifactory/ip-fci-sifs-maven-virtual was cached in the local repository, resolution will not be reattempted until the update interval of central has elapsed or updates are forced
2019-06-22 08:38:46,211 [DefaultMetadataResolver-2-0] INFO  o.e.m.c.i.e.AbstractTransferListenerAdapter - Downloaded https://na.artifactory.swg-devops.com:443/artifactory/ip-fci-sifs-maven-virtual/org/sonarsource/scanner/maven/maven-metadata.xml
2019-06-22 08:38:46,213 [DefaultMetadataResolver-2-1] INFO  o.e.m.c.i.e.AbstractTransferListenerAdapter - Downloaded https://na.artifactory.swg-devops.com:443/artifactory/ip-fci-sifs-maven-virtual/org/sonarsource/scanner/maven/maven-metadata.xml
2019-06-22 08:38:46,245 [Worker-23] WARN  o.e.m.c.i.embedder.EclipseLogger - The POM for org.apache.maven.plugins:maven-compiler-plugin:jar:2.5.1 is missing, no dependency information available
2019-06-22 08:38:46,871 [Worker-23] WARN  o.e.m.c.i.embedder.EclipseLogger - The POM for org.apache.maven.plugins:maven-war-plugin:jar:2.2 is missing, no dependency information available
2019-06-22 18:52:03,108 [Worker-9] INFO  c.g.t.t.d.PublishedGradleVersions - Gradle version information cache is up-to-date. Trying to read.
2019-06-22 19:52:52,274 [ModalContext] INFO  o.e.m.c.i.e.AbstractTransferListenerAdapter - Downloaded https://na.artifactory.swg-devops.com:443/artifactory/ip-fci-sifs-maven-virtual/org/glassfish/jersey/archetypes/jersey-quickstart-webapp/2.28/jersey-quickstart-webapp-2.28.pom
2019-06-22 19:52:52,292 [ModalContext] ERROR o.e.m.c.u.i.w.MavenProjectWizardArchetypePage - Can't resolve Archetype org.glassfish.jersey.archetypes:jersey-quickstart-webapp:2.28
org.eclipse.core.runtime.CoreException: Could not resolve artifact org.glassfish.jersey.archetypes:jersey-quickstart-webapp:pom:2.28
	at org.eclipse.m2e.core.internal.embedder.MavenImpl$5.call(MavenImpl.java:776) ~[na:na]
	at org.eclipse.m2e.core.internal.embedder.MavenImpl$5.call(MavenImpl.java:1) ~[na:na]
	at org.eclipse.m2e.core.internal.embedder.MavenExecutionContext.executeBare(MavenExecutionContext.java:177) ~[na:na]
	at org.eclipse.m2e.core.internal.embedder.MavenExecutionContext.execute(MavenExecutionContext.java:151) ~[na:na]
	at org.eclipse.m2e.core.internal.embedder.MavenExecutionContext.execute(MavenExecutionContext.java:99) ~[na:na]
	at org.eclipse.m2e.core.internal.embedder.MavenImpl.resolve(MavenImpl.java:743) ~[na:na]
	at org.eclipse.m2e.core.internal.embedder.MavenImpl.resolve(MavenImpl.java:720) ~[na:na]
	at org.eclipse.m2e.core.ui.internal.wizards.MavenProjectWizardArchetypePage$17.run(MavenProjectWizardArchetypePage.java:830) ~[org.eclipse.m2e.core.ui_1.8.3.20180227-2137.jar:na]
	at org.eclipse.jface.operation.ModalContext$ModalContextThread.run(ModalContext.java:119) [org.eclipse.jface_3.13.2.v20171022-1656.jar:na]
2019-06-22 19:54:38,454 [Worker-0] INFO  c.g.t.t.d.PublishedGradleVersions - Gradle version information cache is up-to-date. Trying to read.
2019-06-22 19:58:00,794 [Worker-0] INFO  c.g.t.t.d.PublishedGradleVersions - Gradle version information cache is up-to-date. Trying to read.
2019-06-23 10:28:24,649 [Worker-0] INFO  c.g.t.t.d.PublishedGradleVersions - Gradle version information cache is out-of-date. Trying to update.
2019-06-29 07:41:31,820 [Worker-0] INFO  c.g.t.t.d.PublishedGradleVersions - Gradle version information cache is out-of-date. Trying to update.
2019-06-30 07:57:37,709 [Worker-1] INFO  c.g.t.t.d.PublishedGradleVersions - Gradle version information cache is out-of-date. Trying to update.
2019-07-01 19:06:49,354 [Worker-0] INFO  c.g.t.t.d.PublishedGradleVersions - Gradle version information cache is up-to-date. Trying to read.
2019-07-02 08:07:33,898 [Worker-0] INFO  c.g.t.t.d.PublishedGradleVersions - Gradle version information cache is up-to-date. Trying to read.
