19-May-2019 13:56:27.928 INFO [main] org.apache.catalina.startup.VersionLoggerListener.log Server version name:   Apache Tomcat/9.0.20
19-May-2019 13:56:27.939 INFO [main] org.apache.catalina.startup.VersionLoggerListener.log Server built:          May 3 2019 22:26:00 UTC
19-May-2019 13:56:27.943 INFO [main] org.apache.catalina.startup.VersionLoggerListener.log Server version number: 9.0.20.0
19-May-2019 13:56:27.945 INFO [main] org.apache.catalina.startup.VersionLoggerListener.log OS Name:               Linux
19-May-2019 13:56:27.945 INFO [main] org.apache.catalina.startup.VersionLoggerListener.log OS Version:            3.10.0-957.10.1.el7.x86_64
19-May-2019 13:56:27.945 INFO [main] org.apache.catalina.startup.VersionLoggerListener.log Architecture:          amd64
19-May-2019 13:56:27.946 INFO [main] org.apache.catalina.startup.VersionLoggerListener.log Java Home:             /opt/ibm/java-x86_64-80/jre
19-May-2019 13:56:27.946 INFO [main] org.apache.catalina.startup.VersionLoggerListener.log JVM Version:           pxa6480sr3fp10-20160720_02 (SR3 FP10)
19-May-2019 13:56:27.949 INFO [main] org.apache.catalina.startup.VersionLoggerListener.log JVM Vendor:            IBM Corporation
19-May-2019 13:56:27.951 INFO [main] org.apache.catalina.startup.VersionLoggerListener.log CATALINA_BASE:         /home/somak/somak/Spring-Practice/Tomcat-Server/apache-tomcat-9.0.20
19-May-2019 13:56:27.952 INFO [main] org.apache.catalina.startup.VersionLoggerListener.log CATALINA_HOME:         /home/somak/somak/Spring-Practice/Tomcat-Server/apache-tomcat-9.0.20
19-May-2019 13:56:27.960 INFO [main] org.apache.catalina.startup.VersionLoggerListener.log Command line argument: -Xoptionsfile=/opt/ibm/java-x86_64-80/jre/lib/amd64/compressedrefs/options.default
19-May-2019 13:56:27.960 INFO [main] org.apache.catalina.startup.VersionLoggerListener.log Command line argument: -Xlockword:mode=default,noLockword=java/lang/String,noLockword=java/util/MapEntry,noLockword=java/util/HashMap$Entry,noLockword=org/apache/harmony/luni/util/ModifiedMap$Entry,noLockword=java/util/Hashtable$Entry,noLockword=java/lang/invoke/MethodType,noLockword=java/lang/invoke/MethodHandle,noLockword=java/lang/invoke/CollectHandle,noLockword=java/lang/invoke/ConstructorHandle,noLockword=java/lang/invoke/ConvertHandle,noLockword=java/lang/invoke/ArgumentConversionHandle,noLockword=java/lang/invoke/AsTypeHandle,noLockword=java/lang/invoke/ExplicitCastHandle,noLockword=java/lang/invoke/FilterReturnHandle,noLockword=java/lang/invoke/DirectHandle,noLockword=java/lang/invoke/ReceiverBoundHandle,noLockword=java/lang/invoke/DynamicInvokerHandle,noLockword=java/lang/invoke/FieldHandle,noLockword=java/lang/invoke/FieldGetterHandle,noLockword=java/lang/invoke/FieldSetterHandle,noLockword=java/lang/invoke/StaticFieldGetterHandle,noLockword=java/lang/invoke/StaticFieldSetterHandle,noLockword=java/lang/invoke/IndirectHandle,noLockword=java/lang/invoke/InterfaceHandle,noLockword=java/lang/invoke/VirtualHandle,noLockword=java/lang/invoke/InvokeExactHandle,noLockword=java/lang/invoke/InvokeGenericHandle,noLockword=java/lang/invoke/VarargsCollectorHandle,noLockword=java/lang/invoke/ThunkTuple
19-May-2019 13:56:27.960 INFO [main] org.apache.catalina.startup.VersionLoggerListener.log Command line argument: -Xjcl:jclse7b_28
19-May-2019 13:56:27.960 INFO [main] org.apache.catalina.startup.VersionLoggerListener.log Command line argument: -Dcom.ibm.oti.vm.bootstrap.library.path=/opt/ibm/java-x86_64-80/jre/lib/amd64/compressedrefs:/opt/ibm/java-x86_64-80/jre/lib/amd64
19-May-2019 13:56:27.962 INFO [main] org.apache.catalina.startup.VersionLoggerListener.log Command line argument: -Dsun.boot.library.path=/opt/ibm/java-x86_64-80/jre/lib/amd64/compressedrefs:/opt/ibm/java-x86_64-80/jre/lib/amd64
19-May-2019 13:56:27.962 INFO [main] org.apache.catalina.startup.VersionLoggerListener.log Command line argument: -Djava.library.path=/opt/ibm/java-x86_64-80/jre/lib/amd64/compressedrefs:/opt/ibm/java-x86_64-80/jre/lib/amd64:/usr/lib
19-May-2019 13:56:27.962 INFO [main] org.apache.catalina.startup.VersionLoggerListener.log Command line argument: -Djava.home=/opt/ibm/java-x86_64-80/jre
19-May-2019 13:56:27.963 INFO [main] org.apache.catalina.startup.VersionLoggerListener.log Command line argument: -Djava.ext.dirs=/opt/ibm/java-x86_64-80/jre/lib/ext
19-May-2019 13:56:27.963 INFO [main] org.apache.catalina.startup.VersionLoggerListener.log Command line argument: -Duser.dir=/home/somak/somak/Spring-Practice/Tomcat-Server/apache-tomcat-9.0.20/bin
19-May-2019 13:56:27.963 INFO [main] org.apache.catalina.startup.VersionLoggerListener.log Command line argument: -Djava.runtime.version=pxa6480sr3fp10-20160720_02 (SR3 FP10)
19-May-2019 13:56:27.963 INFO [main] org.apache.catalina.startup.VersionLoggerListener.log Command line argument: -Djava.class.path=.
19-May-2019 13:56:27.963 INFO [main] org.apache.catalina.startup.VersionLoggerListener.log Command line argument: -Djava.util.logging.config.file=/home/somak/somak/Spring-Practice/Tomcat-Server/apache-tomcat-9.0.20/conf/logging.properties
19-May-2019 13:56:27.964 INFO [main] org.apache.catalina.startup.VersionLoggerListener.log Command line argument: -Djava.util.logging.manager=org.apache.juli.ClassLoaderLogManager
19-May-2019 13:56:27.964 INFO [main] org.apache.catalina.startup.VersionLoggerListener.log Command line argument: -Djdk.tls.ephemeralDHKeySize=2048
19-May-2019 13:56:27.964 INFO [main] org.apache.catalina.startup.VersionLoggerListener.log Command line argument: -Djava.protocol.handler.pkgs=org.apache.catalina.webresources
19-May-2019 13:56:27.964 INFO [main] org.apache.catalina.startup.VersionLoggerListener.log Command line argument: -Dorg.apache.catalina.security.SecurityListener.UMASK=0027
19-May-2019 13:56:27.967 INFO [main] org.apache.catalina.startup.VersionLoggerListener.log Command line argument: -Dignore.endorsed.dirs=
19-May-2019 13:56:27.969 INFO [main] org.apache.catalina.startup.VersionLoggerListener.log Command line argument: -Djava.class.path=/home/somak/somak/Spring-Practice/Tomcat-Server/apache-tomcat-9.0.20/bin/bootstrap.jar:/home/somak/somak/Spring-Practice/Tomcat-Server/apache-tomcat-9.0.20/bin/tomcat-juli.jar
19-May-2019 13:56:27.970 INFO [main] org.apache.catalina.startup.VersionLoggerListener.log Command line argument: -Dcatalina.base=/home/somak/somak/Spring-Practice/Tomcat-Server/apache-tomcat-9.0.20
19-May-2019 13:56:27.970 INFO [main] org.apache.catalina.startup.VersionLoggerListener.log Command line argument: -Dcatalina.home=/home/somak/somak/Spring-Practice/Tomcat-Server/apache-tomcat-9.0.20
19-May-2019 13:56:27.970 INFO [main] org.apache.catalina.startup.VersionLoggerListener.log Command line argument: -Djava.io.tmpdir=/home/somak/somak/Spring-Practice/Tomcat-Server/apache-tomcat-9.0.20/temp
19-May-2019 13:56:27.970 INFO [main] org.apache.catalina.startup.VersionLoggerListener.log Command line argument: -Dsun.java.command=org.apache.catalina.startup.Bootstrap start
19-May-2019 13:56:27.970 INFO [main] org.apache.catalina.startup.VersionLoggerListener.log Command line argument: -Dsun.java.launcher=SUN_STANDARD
19-May-2019 13:56:27.970 INFO [main] org.apache.catalina.startup.VersionLoggerListener.log Command line argument: -Dsun.java.launcher.pid=28111
19-May-2019 13:56:27.971 INFO [main] org.apache.catalina.core.AprLifecycleListener.lifecycleEvent The APR based Apache Tomcat Native library which allows optimal performance in production environments was not found on the java.library.path: [/opt/ibm/java-x86_64-80/jre/lib/amd64/compressedrefs:/opt/ibm/java-x86_64-80/jre/lib/amd64:/usr/lib]
19-May-2019 13:56:29.463 INFO [main] org.apache.coyote.AbstractProtocol.init Initializing ProtocolHandler ["http-nio-8080"]
19-May-2019 13:56:29.522 INFO [main] org.apache.coyote.AbstractProtocol.init Initializing ProtocolHandler ["ajp-nio-8009"]
19-May-2019 13:56:29.526 INFO [main] org.apache.catalina.startup.Catalina.load Server initialization in [2,020] milliseconds
19-May-2019 13:56:29.576 INFO [main] org.apache.catalina.core.StandardService.startInternal Starting service [Catalina]
19-May-2019 13:56:29.577 INFO [main] org.apache.catalina.core.StandardEngine.startInternal Starting Servlet engine: [Apache Tomcat/9.0.20]
19-May-2019 13:56:29.621 INFO [main] org.apache.catalina.startup.HostConfig.deployDirectory Deploying web application directory [/home/somak/somak/Spring-Practice/Tomcat-Server/apache-tomcat-9.0.20/webapps/manager]
19-May-2019 13:56:30.340 INFO [main] org.apache.catalina.startup.HostConfig.deployDirectory Deployment of web application directory [/home/somak/somak/Spring-Practice/Tomcat-Server/apache-tomcat-9.0.20/webapps/manager] has finished in [718] ms
19-May-2019 13:56:30.341 INFO [main] org.apache.catalina.startup.HostConfig.deployDirectory Deploying web application directory [/home/somak/somak/Spring-Practice/Tomcat-Server/apache-tomcat-9.0.20/webapps/examples]
19-May-2019 13:56:31.231 INFO [main] org.apache.catalina.startup.HostConfig.deployDirectory Deployment of web application directory [/home/somak/somak/Spring-Practice/Tomcat-Server/apache-tomcat-9.0.20/webapps/examples] has finished in [891] ms
19-May-2019 13:56:31.235 INFO [main] org.apache.catalina.startup.HostConfig.deployDirectory Deploying web application directory [/home/somak/somak/Spring-Practice/Tomcat-Server/apache-tomcat-9.0.20/webapps/docs]
19-May-2019 13:56:31.396 INFO [main] org.apache.catalina.startup.HostConfig.deployDirectory Deployment of web application directory [/home/somak/somak/Spring-Practice/Tomcat-Server/apache-tomcat-9.0.20/webapps/docs] has finished in [156] ms
19-May-2019 13:56:31.398 INFO [main] org.apache.catalina.startup.HostConfig.deployDirectory Deploying web application directory [/home/somak/somak/Spring-Practice/Tomcat-Server/apache-tomcat-9.0.20/webapps/ROOT]
19-May-2019 13:56:31.474 INFO [main] org.apache.catalina.startup.HostConfig.deployDirectory Deployment of web application directory [/home/somak/somak/Spring-Practice/Tomcat-Server/apache-tomcat-9.0.20/webapps/ROOT] has finished in [76] ms
19-May-2019 13:56:31.489 INFO [main] org.apache.catalina.startup.HostConfig.deployDirectory Deploying web application directory [/home/somak/somak/Spring-Practice/Tomcat-Server/apache-tomcat-9.0.20/webapps/host-manager]
19-May-2019 13:56:31.621 INFO [main] org.apache.catalina.startup.HostConfig.deployDirectory Deployment of web application directory [/home/somak/somak/Spring-Practice/Tomcat-Server/apache-tomcat-9.0.20/webapps/host-manager] has finished in [134] ms
19-May-2019 13:56:31.643 INFO [main] org.apache.coyote.AbstractProtocol.start Starting ProtocolHandler ["http-nio-8080"]
19-May-2019 13:56:31.671 INFO [main] org.apache.coyote.AbstractProtocol.start Starting ProtocolHandler ["ajp-nio-8009"]
19-May-2019 13:56:31.683 INFO [main] org.apache.catalina.startup.Catalina.start Server startup in [2,156] milliseconds
19-May-2019 14:08:19.258 INFO [main] org.apache.catalina.core.StandardServer.await A valid shutdown command was received via the shutdown port. Stopping the Server instance.
19-May-2019 14:08:19.259 INFO [main] org.apache.coyote.AbstractProtocol.pause Pausing ProtocolHandler ["http-nio-8080"]
19-May-2019 14:08:19.274 INFO [main] org.apache.coyote.AbstractProtocol.pause Pausing ProtocolHandler ["ajp-nio-8009"]
19-May-2019 14:08:19.280 INFO [main] org.apache.catalina.core.StandardService.stopInternal Stopping service [Catalina]
19-May-2019 14:08:19.347 INFO [main] org.apache.coyote.AbstractProtocol.stop Stopping ProtocolHandler ["http-nio-8080"]
19-May-2019 14:08:19.350 INFO [main] org.apache.coyote.AbstractProtocol.stop Stopping ProtocolHandler ["ajp-nio-8009"]
19-May-2019 14:08:19.362 INFO [main] org.apache.coyote.AbstractProtocol.destroy Destroying ProtocolHandler ["http-nio-8080"]
19-May-2019 14:08:19.363 INFO [main] org.apache.coyote.AbstractProtocol.destroy Destroying ProtocolHandler ["ajp-nio-8009"]
19-May-2019 14:30:09.222 INFO [main] org.apache.catalina.startup.VersionLoggerListener.log Server version name:   Apache Tomcat/9.0.20
19-May-2019 14:30:09.228 INFO [main] org.apache.catalina.startup.VersionLoggerListener.log Server built:          May 3 2019 22:26:00 UTC
19-May-2019 14:30:09.241 INFO [main] org.apache.catalina.startup.VersionLoggerListener.log Server version number: 9.0.20.0
19-May-2019 14:30:09.241 INFO [main] org.apache.catalina.startup.VersionLoggerListener.log OS Name:               Linux
19-May-2019 14:30:09.241 INFO [main] org.apache.catalina.startup.VersionLoggerListener.log OS Version:            3.10.0-957.10.1.el7.x86_64
19-May-2019 14:30:09.242 INFO [main] org.apache.catalina.startup.VersionLoggerListener.log Architecture:          amd64
19-May-2019 14:30:09.242 INFO [main] org.apache.catalina.startup.VersionLoggerListener.log Java Home:             /opt/ibm/java-x86_64-80/jre
19-May-2019 14:30:09.242 INFO [main] org.apache.catalina.startup.VersionLoggerListener.log JVM Version:           pxa6480sr3fp10-20160720_02 (SR3 FP10)
19-May-2019 14:30:09.242 INFO [main] org.apache.catalina.startup.VersionLoggerListener.log JVM Vendor:            IBM Corporation
19-May-2019 14:30:09.242 INFO [main] org.apache.catalina.startup.VersionLoggerListener.log CATALINA_BASE:         /home/somak/somak/Spring-Practice/Tomcat-Server/apache-tomcat-9.0.20
19-May-2019 14:30:09.243 INFO [main] org.apache.catalina.startup.VersionLoggerListener.log CATALINA_HOME:         /home/somak/somak/Spring-Practice/Tomcat-Server/apache-tomcat-9.0.20
19-May-2019 14:30:09.248 INFO [main] org.apache.catalina.startup.VersionLoggerListener.log Command line argument: -Xoptionsfile=/opt/ibm/java-x86_64-80/jre/lib/amd64/compressedrefs/options.default
19-May-2019 14:30:09.248 INFO [main] org.apache.catalina.startup.VersionLoggerListener.log Command line argument: -Xlockword:mode=default,noLockword=java/lang/String,noLockword=java/util/MapEntry,noLockword=java/util/HashMap$Entry,noLockword=org/apache/harmony/luni/util/ModifiedMap$Entry,noLockword=java/util/Hashtable$Entry,noLockword=java/lang/invoke/MethodType,noLockword=java/lang/invoke/MethodHandle,noLockword=java/lang/invoke/CollectHandle,noLockword=java/lang/invoke/ConstructorHandle,noLockword=java/lang/invoke/ConvertHandle,noLockword=java/lang/invoke/ArgumentConversionHandle,noLockword=java/lang/invoke/AsTypeHandle,noLockword=java/lang/invoke/ExplicitCastHandle,noLockword=java/lang/invoke/FilterReturnHandle,noLockword=java/lang/invoke/DirectHandle,noLockword=java/lang/invoke/ReceiverBoundHandle,noLockword=java/lang/invoke/DynamicInvokerHandle,noLockword=java/lang/invoke/FieldHandle,noLockword=java/lang/invoke/FieldGetterHandle,noLockword=java/lang/invoke/FieldSetterHandle,noLockword=java/lang/invoke/StaticFieldGetterHandle,noLockword=java/lang/invoke/StaticFieldSetterHandle,noLockword=java/lang/invoke/IndirectHandle,noLockword=java/lang/invoke/InterfaceHandle,noLockword=java/lang/invoke/VirtualHandle,noLockword=java/lang/invoke/InvokeExactHandle,noLockword=java/lang/invoke/InvokeGenericHandle,noLockword=java/lang/invoke/VarargsCollectorHandle,noLockword=java/lang/invoke/ThunkTuple
19-May-2019 14:30:09.248 INFO [main] org.apache.catalina.startup.VersionLoggerListener.log Command line argument: -Xjcl:jclse7b_28
19-May-2019 14:30:09.249 INFO [main] org.apache.catalina.startup.VersionLoggerListener.log Command line argument: -Dcom.ibm.oti.vm.bootstrap.library.path=/opt/ibm/java-x86_64-80/jre/lib/amd64/compressedrefs:/opt/ibm/java-x86_64-80/jre/lib/amd64
19-May-2019 14:30:09.249 INFO [main] org.apache.catalina.startup.VersionLoggerListener.log Command line argument: -Dsun.boot.library.path=/opt/ibm/java-x86_64-80/jre/lib/amd64/compressedrefs:/opt/ibm/java-x86_64-80/jre/lib/amd64
19-May-2019 14:30:09.249 INFO [main] org.apache.catalina.startup.VersionLoggerListener.log Command line argument: -Djava.library.path=/opt/ibm/java-x86_64-80/jre/lib/amd64/compressedrefs:/opt/ibm/java-x86_64-80/jre/lib/amd64:/usr/lib
19-May-2019 14:30:09.249 INFO [main] org.apache.catalina.startup.VersionLoggerListener.log Command line argument: -Djava.home=/opt/ibm/java-x86_64-80/jre
19-May-2019 14:30:09.249 INFO [main] org.apache.catalina.startup.VersionLoggerListener.log Command line argument: -Djava.ext.dirs=/opt/ibm/java-x86_64-80/jre/lib/ext
19-May-2019 14:30:09.250 INFO [main] org.apache.catalina.startup.VersionLoggerListener.log Command line argument: -Duser.dir=/home/somak/somak/Spring-Practice/Tomcat-Server/apache-tomcat-9.0.20/bin
19-May-2019 14:30:09.250 INFO [main] org.apache.catalina.startup.VersionLoggerListener.log Command line argument: -Djava.runtime.version=pxa6480sr3fp10-20160720_02 (SR3 FP10)
19-May-2019 14:30:09.250 INFO [main] org.apache.catalina.startup.VersionLoggerListener.log Command line argument: -Djava.class.path=.
19-May-2019 14:30:09.250 INFO [main] org.apache.catalina.startup.VersionLoggerListener.log Command line argument: -Djava.util.logging.config.file=/home/somak/somak/Spring-Practice/Tomcat-Server/apache-tomcat-9.0.20/conf/logging.properties
19-May-2019 14:30:09.250 INFO [main] org.apache.catalina.startup.VersionLoggerListener.log Command line argument: -Djava.util.logging.manager=org.apache.juli.ClassLoaderLogManager
19-May-2019 14:30:09.250 INFO [main] org.apache.catalina.startup.VersionLoggerListener.log Command line argument: -Djdk.tls.ephemeralDHKeySize=2048
19-May-2019 14:30:09.251 INFO [main] org.apache.catalina.startup.VersionLoggerListener.log Command line argument: -Djava.protocol.handler.pkgs=org.apache.catalina.webresources
19-May-2019 14:30:09.251 INFO [main] org.apache.catalina.startup.VersionLoggerListener.log Command line argument: -Dorg.apache.catalina.security.SecurityListener.UMASK=0027
19-May-2019 14:30:09.251 INFO [main] org.apache.catalina.startup.VersionLoggerListener.log Command line argument: -Dignore.endorsed.dirs=
19-May-2019 14:30:09.251 INFO [main] org.apache.catalina.startup.VersionLoggerListener.log Command line argument: -Djava.class.path=/home/somak/somak/Spring-Practice/Tomcat-Server/apache-tomcat-9.0.20/bin/bootstrap.jar:/home/somak/somak/Spring-Practice/Tomcat-Server/apache-tomcat-9.0.20/bin/tomcat-juli.jar
19-May-2019 14:30:09.251 INFO [main] org.apache.catalina.startup.VersionLoggerListener.log Command line argument: -Dcatalina.base=/home/somak/somak/Spring-Practice/Tomcat-Server/apache-tomcat-9.0.20
19-May-2019 14:30:09.251 INFO [main] org.apache.catalina.startup.VersionLoggerListener.log Command line argument: -Dcatalina.home=/home/somak/somak/Spring-Practice/Tomcat-Server/apache-tomcat-9.0.20
19-May-2019 14:30:09.252 INFO [main] org.apache.catalina.startup.VersionLoggerListener.log Command line argument: -Djava.io.tmpdir=/home/somak/somak/Spring-Practice/Tomcat-Server/apache-tomcat-9.0.20/temp
19-May-2019 14:30:09.252 INFO [main] org.apache.catalina.startup.VersionLoggerListener.log Command line argument: -Dsun.java.command=org.apache.catalina.startup.Bootstrap start
19-May-2019 14:30:09.252 INFO [main] org.apache.catalina.startup.VersionLoggerListener.log Command line argument: -Dsun.java.launcher=SUN_STANDARD
19-May-2019 14:30:09.252 INFO [main] org.apache.catalina.startup.VersionLoggerListener.log Command line argument: -Dsun.java.launcher.pid=32502
19-May-2019 14:30:09.253 INFO [main] org.apache.catalina.core.AprLifecycleListener.lifecycleEvent The APR based Apache Tomcat Native library which allows optimal performance in production environments was not found on the java.library.path: [/opt/ibm/java-x86_64-80/jre/lib/amd64/compressedrefs:/opt/ibm/java-x86_64-80/jre/lib/amd64:/usr/lib]
19-May-2019 14:30:10.654 INFO [main] org.apache.coyote.AbstractProtocol.init Initializing ProtocolHandler ["http-nio-8080"]
19-May-2019 14:30:10.688 SEVERE [main] org.apache.catalina.util.LifecycleBase.handleSubClassException Failed to initialize component [Connector[HTTP/1.1-8080]]
org.apache.catalina.LifecycleException: Protocol handler initialization failed
	at org.apache.catalina.connector.Connector.initInternal(Connector.java:983)
	at org.apache.catalina.util.LifecycleBase.init(LifecycleBase.java:136)
	at org.apache.catalina.core.StandardService.initInternal(StandardService.java:533)
	at org.apache.catalina.util.LifecycleBase.init(LifecycleBase.java:136)
	at org.apache.catalina.core.StandardServer.initInternal(StandardServer.java:1059)
	at org.apache.catalina.util.LifecycleBase.init(LifecycleBase.java:136)
	at org.apache.catalina.startup.Catalina.load(Catalina.java:584)
	at org.apache.catalina.startup.Catalina.load(Catalina.java:607)
	at sun.reflect.NativeMethodAccessorImpl.invoke0(Native Method)
	at sun.reflect.NativeMethodAccessorImpl.invoke(NativeMethodAccessorImpl.java:95)
	at sun.reflect.DelegatingMethodAccessorImpl.invoke(DelegatingMethodAccessorImpl.java:55)
	at java.lang.reflect.Method.invoke(Method.java:508)
	at org.apache.catalina.startup.Bootstrap.load(Bootstrap.java:304)
	at org.apache.catalina.startup.Bootstrap.main(Bootstrap.java:474)
Caused by: java.net.BindException: Address already in use
	at sun.nio.ch.Net.bind0(Native Method)
	at sun.nio.ch.Net.bind(Net.java:460)
	at sun.nio.ch.Net.bind(Net.java:452)
	at sun.nio.ch.ServerSocketChannelImpl.bind(ServerSocketChannelImpl.java:253)
	at sun.nio.ch.ServerSocketAdaptor.bind(ServerSocketAdaptor.java:86)
	at org.apache.tomcat.util.net.NioEndpoint.initServerSocket(NioEndpoint.java:248)
	at org.apache.tomcat.util.net.NioEndpoint.bind(NioEndpoint.java:222)
	at org.apache.tomcat.util.net.AbstractEndpoint.bindWithCleanup(AbstractEndpoint.java:1119)
	at org.apache.tomcat.util.net.AbstractEndpoint.init(AbstractEndpoint.java:1132)
	at org.apache.coyote.AbstractProtocol.init(AbstractProtocol.java:557)
	at org.apache.coyote.http11.AbstractHttp11Protocol.init(AbstractHttp11Protocol.java:74)
	at org.apache.catalina.connector.Connector.initInternal(Connector.java:980)
	... 13 more
19-May-2019 14:30:10.698 INFO [main] org.apache.coyote.AbstractProtocol.init Initializing ProtocolHandler ["ajp-nio-8009"]
19-May-2019 14:30:10.701 SEVERE [main] org.apache.catalina.util.LifecycleBase.handleSubClassException Failed to initialize component [Connector[AJP/1.3-8009]]
org.apache.catalina.LifecycleException: Protocol handler initialization failed
	at org.apache.catalina.connector.Connector.initInternal(Connector.java:983)
	at org.apache.catalina.util.LifecycleBase.init(LifecycleBase.java:136)
	at org.apache.catalina.core.StandardService.initInternal(StandardService.java:533)
	at org.apache.catalina.util.LifecycleBase.init(LifecycleBase.java:136)
	at org.apache.catalina.core.StandardServer.initInternal(StandardServer.java:1059)
	at org.apache.catalina.util.LifecycleBase.init(LifecycleBase.java:136)
	at org.apache.catalina.startup.Catalina.load(Catalina.java:584)
	at org.apache.catalina.startup.Catalina.load(Catalina.java:607)
	at sun.reflect.NativeMethodAccessorImpl.invoke0(Native Method)
	at sun.reflect.NativeMethodAccessorImpl.invoke(NativeMethodAccessorImpl.java:95)
	at sun.reflect.DelegatingMethodAccessorImpl.invoke(DelegatingMethodAccessorImpl.java:55)
	at java.lang.reflect.Method.invoke(Method.java:508)
	at org.apache.catalina.startup.Bootstrap.load(Bootstrap.java:304)
	at org.apache.catalina.startup.Bootstrap.main(Bootstrap.java:474)
Caused by: java.net.BindException: Address already in use
	at sun.nio.ch.Net.bind0(Native Method)
	at sun.nio.ch.Net.bind(Net.java:460)
	at sun.nio.ch.Net.bind(Net.java:452)
	at sun.nio.ch.ServerSocketChannelImpl.bind(ServerSocketChannelImpl.java:253)
	at sun.nio.ch.ServerSocketAdaptor.bind(ServerSocketAdaptor.java:86)
	at org.apache.tomcat.util.net.NioEndpoint.initServerSocket(NioEndpoint.java:248)
	at org.apache.tomcat.util.net.NioEndpoint.bind(NioEndpoint.java:222)
	at org.apache.tomcat.util.net.AbstractEndpoint.bindWithCleanup(AbstractEndpoint.java:1119)
	at org.apache.tomcat.util.net.AbstractEndpoint.init(AbstractEndpoint.java:1132)
	at org.apache.coyote.AbstractProtocol.init(AbstractProtocol.java:557)
	at org.apache.catalina.connector.Connector.initInternal(Connector.java:980)
	... 13 more
19-May-2019 14:30:10.707 INFO [main] org.apache.catalina.startup.Catalina.load Server initialization in [1,850] milliseconds
19-May-2019 14:30:10.777 INFO [main] org.apache.catalina.core.StandardService.startInternal Starting service [Catalina]
19-May-2019 14:30:10.778 INFO [main] org.apache.catalina.core.StandardEngine.startInternal Starting Servlet engine: [Apache Tomcat/9.0.20]
19-May-2019 14:30:10.798 INFO [main] org.apache.catalina.startup.HostConfig.deployDirectory Deploying web application directory [/home/somak/somak/Spring-Practice/Tomcat-Server/apache-tomcat-9.0.20/webapps/manager]
19-May-2019 14:30:11.669 INFO [main] org.apache.catalina.startup.HostConfig.deployDirectory Deployment of web application directory [/home/somak/somak/Spring-Practice/Tomcat-Server/apache-tomcat-9.0.20/webapps/manager] has finished in [871] ms
19-May-2019 14:30:11.672 INFO [main] org.apache.catalina.startup.HostConfig.deployDirectory Deploying web application directory [/home/somak/somak/Spring-Practice/Tomcat-Server/apache-tomcat-9.0.20/webapps/examples]
19-May-2019 14:30:12.788 INFO [main] org.apache.catalina.startup.HostConfig.deployDirectory Deployment of web application directory [/home/somak/somak/Spring-Practice/Tomcat-Server/apache-tomcat-9.0.20/webapps/examples] has finished in [1,117] ms
19-May-2019 14:30:12.789 INFO [main] org.apache.catalina.startup.HostConfig.deployDirectory Deploying web application directory [/home/somak/somak/Spring-Practice/Tomcat-Server/apache-tomcat-9.0.20/webapps/docs]
19-May-2019 14:30:12.841 INFO [main] org.apache.catalina.startup.HostConfig.deployDirectory Deployment of web application directory [/home/somak/somak/Spring-Practice/Tomcat-Server/apache-tomcat-9.0.20/webapps/docs] has finished in [51] ms
19-May-2019 14:30:12.841 INFO [main] org.apache.catalina.startup.HostConfig.deployDirectory Deploying web application directory [/home/somak/somak/Spring-Practice/Tomcat-Server/apache-tomcat-9.0.20/webapps/ROOT]
19-May-2019 14:30:12.887 INFO [main] org.apache.catalina.startup.HostConfig.deployDirectory Deployment of web application directory [/home/somak/somak/Spring-Practice/Tomcat-Server/apache-tomcat-9.0.20/webapps/ROOT] has finished in [44] ms
19-May-2019 14:30:12.892 INFO [main] org.apache.catalina.startup.HostConfig.deployDirectory Deploying web application directory [/home/somak/somak/Spring-Practice/Tomcat-Server/apache-tomcat-9.0.20/webapps/host-manager]
19-May-2019 14:30:13.052 INFO [main] org.apache.catalina.startup.HostConfig.deployDirectory Deployment of web application directory [/home/somak/somak/Spring-Practice/Tomcat-Server/apache-tomcat-9.0.20/webapps/host-manager] has finished in [159] ms
19-May-2019 14:30:13.061 INFO [main] org.apache.catalina.startup.Catalina.start Server startup in [2,344] milliseconds
19-May-2019 14:30:13.064 SEVERE [main] org.apache.catalina.core.StandardServer.await Failed to create server shutdown socket on address [localhost] and port [8005] (base port [8005] and offset [0])
java.net.BindException: Address already in use
	at java.net.PlainSocketImpl.socketBind(Native Method)
	at java.net.AbstractPlainSocketImpl.bind(AbstractPlainSocketImpl.java:417)
	at java.net.ServerSocket.bind(ServerSocket.java:444)
	at java.net.ServerSocket.<init>(ServerSocket.java:258)
	at org.apache.catalina.core.StandardServer.await(StandardServer.java:584)
	at org.apache.catalina.startup.Catalina.await(Catalina.java:721)
	at org.apache.catalina.startup.Catalina.start(Catalina.java:667)
	at sun.reflect.NativeMethodAccessorImpl.invoke0(Native Method)
	at sun.reflect.NativeMethodAccessorImpl.invoke(NativeMethodAccessorImpl.java:95)
	at sun.reflect.DelegatingMethodAccessorImpl.invoke(DelegatingMethodAccessorImpl.java:55)
	at java.lang.reflect.Method.invoke(Method.java:508)
	at org.apache.catalina.startup.Bootstrap.start(Bootstrap.java:344)
	at org.apache.catalina.startup.Bootstrap.main(Bootstrap.java:475)
19-May-2019 14:30:13.065 INFO [main] org.apache.coyote.AbstractProtocol.pause Pausing ProtocolHandler ["http-nio-8080"]
19-May-2019 14:30:13.066 INFO [main] org.apache.coyote.AbstractProtocol.pause Pausing ProtocolHandler ["ajp-nio-8009"]
19-May-2019 14:30:13.066 INFO [main] org.apache.catalina.core.StandardService.stopInternal Stopping service [Catalina]
19-May-2019 14:30:13.134 INFO [main] org.apache.coyote.AbstractProtocol.stop Stopping ProtocolHandler ["http-nio-8080"]
19-May-2019 14:30:13.151 INFO [main] org.apache.coyote.AbstractProtocol.destroy Destroying ProtocolHandler ["http-nio-8080"]
19-May-2019 14:30:13.151 INFO [main] org.apache.coyote.AbstractProtocol.stop Stopping ProtocolHandler ["ajp-nio-8009"]
19-May-2019 14:30:13.151 INFO [main] org.apache.coyote.AbstractProtocol.destroy Destroying ProtocolHandler ["ajp-nio-8009"]
19-May-2019 14:30:29.310 INFO [main] org.apache.catalina.startup.VersionLoggerListener.log Server version name:   Apache Tomcat/9.0.20
19-May-2019 14:30:29.319 INFO [main] org.apache.catalina.startup.VersionLoggerListener.log Server built:          May 3 2019 22:26:00 UTC
19-May-2019 14:30:29.320 INFO [main] org.apache.catalina.startup.VersionLoggerListener.log Server version number: 9.0.20.0
19-May-2019 14:30:29.320 INFO [main] org.apache.catalina.startup.VersionLoggerListener.log OS Name:               Linux
19-May-2019 14:30:29.321 INFO [main] org.apache.catalina.startup.VersionLoggerListener.log OS Version:            3.10.0-957.10.1.el7.x86_64
19-May-2019 14:30:29.321 INFO [main] org.apache.catalina.startup.VersionLoggerListener.log Architecture:          amd64
19-May-2019 14:30:29.323 INFO [main] org.apache.catalina.startup.VersionLoggerListener.log Java Home:             /opt/ibm/java-x86_64-80/jre
19-May-2019 14:30:29.323 INFO [main] org.apache.catalina.startup.VersionLoggerListener.log JVM Version:           pxa6480sr3fp10-20160720_02 (SR3 FP10)
19-May-2019 14:30:29.323 INFO [main] org.apache.catalina.startup.VersionLoggerListener.log JVM Vendor:            IBM Corporation
19-May-2019 14:30:29.324 INFO [main] org.apache.catalina.startup.VersionLoggerListener.log CATALINA_BASE:         /home/somak/somak/Spring-Practice/Tomcat-Server/apache-tomcat-9.0.20
19-May-2019 14:30:29.324 INFO [main] org.apache.catalina.startup.VersionLoggerListener.log CATALINA_HOME:         /home/somak/somak/Spring-Practice/Tomcat-Server/apache-tomcat-9.0.20
19-May-2019 14:30:29.338 INFO [main] org.apache.catalina.startup.VersionLoggerListener.log Command line argument: -Xoptionsfile=/opt/ibm/java-x86_64-80/jre/lib/amd64/compressedrefs/options.default
19-May-2019 14:30:29.338 INFO [main] org.apache.catalina.startup.VersionLoggerListener.log Command line argument: -Xlockword:mode=default,noLockword=java/lang/String,noLockword=java/util/MapEntry,noLockword=java/util/HashMap$Entry,noLockword=org/apache/harmony/luni/util/ModifiedMap$Entry,noLockword=java/util/Hashtable$Entry,noLockword=java/lang/invoke/MethodType,noLockword=java/lang/invoke/MethodHandle,noLockword=java/lang/invoke/CollectHandle,noLockword=java/lang/invoke/ConstructorHandle,noLockword=java/lang/invoke/ConvertHandle,noLockword=java/lang/invoke/ArgumentConversionHandle,noLockword=java/lang/invoke/AsTypeHandle,noLockword=java/lang/invoke/ExplicitCastHandle,noLockword=java/lang/invoke/FilterReturnHandle,noLockword=java/lang/invoke/DirectHandle,noLockword=java/lang/invoke/ReceiverBoundHandle,noLockword=java/lang/invoke/DynamicInvokerHandle,noLockword=java/lang/invoke/FieldHandle,noLockword=java/lang/invoke/FieldGetterHandle,noLockword=java/lang/invoke/FieldSetterHandle,noLockword=java/lang/invoke/StaticFieldGetterHandle,noLockword=java/lang/invoke/StaticFieldSetterHandle,noLockword=java/lang/invoke/IndirectHandle,noLockword=java/lang/invoke/InterfaceHandle,noLockword=java/lang/invoke/VirtualHandle,noLockword=java/lang/invoke/InvokeExactHandle,noLockword=java/lang/invoke/InvokeGenericHandle,noLockword=java/lang/invoke/VarargsCollectorHandle,noLockword=java/lang/invoke/ThunkTuple
19-May-2019 14:30:29.338 INFO [main] org.apache.catalina.startup.VersionLoggerListener.log Command line argument: -Xjcl:jclse7b_28
19-May-2019 14:30:29.339 INFO [main] org.apache.catalina.startup.VersionLoggerListener.log Command line argument: -Dcom.ibm.oti.vm.bootstrap.library.path=/opt/ibm/java-x86_64-80/jre/lib/amd64/compressedrefs:/opt/ibm/java-x86_64-80/jre/lib/amd64
19-May-2019 14:30:29.339 INFO [main] org.apache.catalina.startup.VersionLoggerListener.log Command line argument: -Dsun.boot.library.path=/opt/ibm/java-x86_64-80/jre/lib/amd64/compressedrefs:/opt/ibm/java-x86_64-80/jre/lib/amd64
19-May-2019 14:30:29.339 INFO [main] org.apache.catalina.startup.VersionLoggerListener.log Command line argument: -Djava.library.path=/opt/ibm/java-x86_64-80/jre/lib/amd64/compressedrefs:/opt/ibm/java-x86_64-80/jre/lib/amd64:/usr/lib
19-May-2019 14:30:29.340 INFO [main] org.apache.catalina.startup.VersionLoggerListener.log Command line argument: -Djava.home=/opt/ibm/java-x86_64-80/jre
19-May-2019 14:30:29.340 INFO [main] org.apache.catalina.startup.VersionLoggerListener.log Command line argument: -Djava.ext.dirs=/opt/ibm/java-x86_64-80/jre/lib/ext
19-May-2019 14:30:29.341 INFO [main] org.apache.catalina.startup.VersionLoggerListener.log Command line argument: -Duser.dir=/home/somak/somak/Spring-Practice/Tomcat-Server/apache-tomcat-9.0.20/bin
19-May-2019 14:30:29.341 INFO [main] org.apache.catalina.startup.VersionLoggerListener.log Command line argument: -Djava.runtime.version=pxa6480sr3fp10-20160720_02 (SR3 FP10)
19-May-2019 14:30:29.341 INFO [main] org.apache.catalina.startup.VersionLoggerListener.log Command line argument: -Djava.class.path=.
19-May-2019 14:30:29.341 INFO [main] org.apache.catalina.startup.VersionLoggerListener.log Command line argument: -Djava.util.logging.config.file=/home/somak/somak/Spring-Practice/Tomcat-Server/apache-tomcat-9.0.20/conf/logging.properties
19-May-2019 14:30:29.341 INFO [main] org.apache.catalina.startup.VersionLoggerListener.log Command line argument: -Djava.util.logging.manager=org.apache.juli.ClassLoaderLogManager
19-May-2019 14:30:29.343 INFO [main] org.apache.catalina.startup.VersionLoggerListener.log Command line argument: -Djdk.tls.ephemeralDHKeySize=2048
19-May-2019 14:30:29.344 INFO [main] org.apache.catalina.startup.VersionLoggerListener.log Command line argument: -Djava.protocol.handler.pkgs=org.apache.catalina.webresources
19-May-2019 14:30:29.344 INFO [main] org.apache.catalina.startup.VersionLoggerListener.log Command line argument: -Dorg.apache.catalina.security.SecurityListener.UMASK=0027
19-May-2019 14:30:29.345 INFO [main] org.apache.catalina.startup.VersionLoggerListener.log Command line argument: -Dignore.endorsed.dirs=
19-May-2019 14:30:29.345 INFO [main] org.apache.catalina.startup.VersionLoggerListener.log Command line argument: -Djava.class.path=/home/somak/somak/Spring-Practice/Tomcat-Server/apache-tomcat-9.0.20/bin/bootstrap.jar:/home/somak/somak/Spring-Practice/Tomcat-Server/apache-tomcat-9.0.20/bin/tomcat-juli.jar
19-May-2019 14:30:29.345 INFO [main] org.apache.catalina.startup.VersionLoggerListener.log Command line argument: -Dcatalina.base=/home/somak/somak/Spring-Practice/Tomcat-Server/apache-tomcat-9.0.20
19-May-2019 14:30:29.346 INFO [main] org.apache.catalina.startup.VersionLoggerListener.log Command line argument: -Dcatalina.home=/home/somak/somak/Spring-Practice/Tomcat-Server/apache-tomcat-9.0.20
19-May-2019 14:30:29.354 INFO [main] org.apache.catalina.startup.VersionLoggerListener.log Command line argument: -Djava.io.tmpdir=/home/somak/somak/Spring-Practice/Tomcat-Server/apache-tomcat-9.0.20/temp
19-May-2019 14:30:29.354 INFO [main] org.apache.catalina.startup.VersionLoggerListener.log Command line argument: -Dsun.java.command=org.apache.catalina.startup.Bootstrap start
19-May-2019 14:30:29.355 INFO [main] org.apache.catalina.startup.VersionLoggerListener.log Command line argument: -Dsun.java.launcher=SUN_STANDARD
19-May-2019 14:30:29.355 INFO [main] org.apache.catalina.startup.VersionLoggerListener.log Command line argument: -Dsun.java.launcher.pid=32615
19-May-2019 14:30:29.355 INFO [main] org.apache.catalina.core.AprLifecycleListener.lifecycleEvent The APR based Apache Tomcat Native library which allows optimal performance in production environments was not found on the java.library.path: [/opt/ibm/java-x86_64-80/jre/lib/amd64/compressedrefs:/opt/ibm/java-x86_64-80/jre/lib/amd64:/usr/lib]
19-May-2019 14:30:30.414 INFO [main] org.apache.coyote.AbstractProtocol.init Initializing ProtocolHandler ["http-nio-8080"]
19-May-2019 14:30:30.475 INFO [main] org.apache.coyote.AbstractProtocol.init Initializing ProtocolHandler ["ajp-nio-8009"]
19-May-2019 14:30:30.481 INFO [main] org.apache.catalina.startup.Catalina.load Server initialization in [1,522] milliseconds
19-May-2019 14:30:30.537 INFO [main] org.apache.catalina.core.StandardService.startInternal Starting service [Catalina]
19-May-2019 14:30:30.537 INFO [main] org.apache.catalina.core.StandardEngine.startInternal Starting Servlet engine: [Apache Tomcat/9.0.20]
19-May-2019 14:30:30.565 INFO [main] org.apache.catalina.startup.HostConfig.deployDirectory Deploying web application directory [/home/somak/somak/Spring-Practice/Tomcat-Server/apache-tomcat-9.0.20/webapps/manager]
19-May-2019 14:30:31.392 INFO [main] org.apache.catalina.startup.HostConfig.deployDirectory Deployment of web application directory [/home/somak/somak/Spring-Practice/Tomcat-Server/apache-tomcat-9.0.20/webapps/manager] has finished in [828] ms
19-May-2019 14:30:31.395 INFO [main] org.apache.catalina.startup.HostConfig.deployDirectory Deploying web application directory [/home/somak/somak/Spring-Practice/Tomcat-Server/apache-tomcat-9.0.20/webapps/examples]
19-May-2019 14:30:32.696 INFO [main] org.apache.catalina.startup.HostConfig.deployDirectory Deployment of web application directory [/home/somak/somak/Spring-Practice/Tomcat-Server/apache-tomcat-9.0.20/webapps/examples] has finished in [1,300] ms
19-May-2019 14:30:32.697 INFO [main] org.apache.catalina.startup.HostConfig.deployDirectory Deploying web application directory [/home/somak/somak/Spring-Practice/Tomcat-Server/apache-tomcat-9.0.20/webapps/docs]
19-May-2019 14:30:32.775 INFO [main] org.apache.catalina.startup.HostConfig.deployDirectory Deployment of web application directory [/home/somak/somak/Spring-Practice/Tomcat-Server/apache-tomcat-9.0.20/webapps/docs] has finished in [78] ms
19-May-2019 14:30:32.775 INFO [main] org.apache.catalina.startup.HostConfig.deployDirectory Deploying web application directory [/home/somak/somak/Spring-Practice/Tomcat-Server/apache-tomcat-9.0.20/webapps/ROOT]
19-May-2019 14:30:32.839 INFO [main] org.apache.catalina.startup.HostConfig.deployDirectory Deployment of web application directory [/home/somak/somak/Spring-Practice/Tomcat-Server/apache-tomcat-9.0.20/webapps/ROOT] has finished in [64] ms
19-May-2019 14:30:32.841 INFO [main] org.apache.catalina.startup.HostConfig.deployDirectory Deploying web application directory [/home/somak/somak/Spring-Practice/Tomcat-Server/apache-tomcat-9.0.20/webapps/host-manager]
19-May-2019 14:30:32.917 INFO [main] org.apache.catalina.startup.HostConfig.deployDirectory Deployment of web application directory [/home/somak/somak/Spring-Practice/Tomcat-Server/apache-tomcat-9.0.20/webapps/host-manager] has finished in [77] ms
19-May-2019 14:30:32.926 INFO [main] org.apache.coyote.AbstractProtocol.start Starting ProtocolHandler ["http-nio-8080"]
19-May-2019 14:30:32.993 INFO [main] org.apache.coyote.AbstractProtocol.start Starting ProtocolHandler ["ajp-nio-8009"]
19-May-2019 14:30:33.012 INFO [main] org.apache.catalina.startup.Catalina.start Server startup in [2,530] milliseconds
19-May-2019 14:31:01.717 INFO [main] org.apache.catalina.core.StandardServer.await A valid shutdown command was received via the shutdown port. Stopping the Server instance.
19-May-2019 14:31:01.719 INFO [main] org.apache.coyote.AbstractProtocol.pause Pausing ProtocolHandler ["http-nio-8080"]
19-May-2019 14:31:01.739 INFO [main] org.apache.coyote.AbstractProtocol.pause Pausing ProtocolHandler ["ajp-nio-8009"]
19-May-2019 14:31:01.745 INFO [main] org.apache.catalina.core.StandardService.stopInternal Stopping service [Catalina]
19-May-2019 14:31:01.817 INFO [main] org.apache.coyote.AbstractProtocol.stop Stopping ProtocolHandler ["http-nio-8080"]
19-May-2019 14:31:01.828 INFO [main] org.apache.coyote.AbstractProtocol.stop Stopping ProtocolHandler ["ajp-nio-8009"]
19-May-2019 14:31:01.830 INFO [main] org.apache.coyote.AbstractProtocol.destroy Destroying ProtocolHandler ["http-nio-8080"]
19-May-2019 14:31:01.831 INFO [main] org.apache.coyote.AbstractProtocol.destroy Destroying ProtocolHandler ["ajp-nio-8009"]
